<?xml version="1.0" encoding="UTF-8"?>
<!-- Generated by org.testng.reporters.JUnitReportReporter -->
<testsuite hostname="Pinkeshkumars-Mac-mini.local" failures="0" tests="1" name="LoginModule.Bestsellerlist" time="50.388" errors="0" timestamp="2023-12-23T11:04:33 IST" skipped="0">
  <testcase classname="LoginModule.Bestsellerlist" name="bestseller" time="50.388"/>
  <system-out/>
</testsuite> <!-- LoginModule.Bestsellerlist -->
