<?xml version="1.0" encoding="UTF-8"?>
<!-- Generated by org.testng.reporters.JUnitReportReporter -->
<testsuite hostname="Pinkeshkumars-Mac-mini.local" failures="0" tests="1" name="LoginModule.findproduct" time="5.510" errors="0" timestamp="2023-12-07T16:35:06 IST" skipped="0">
  <testcase classname="LoginModule.findproduct" name="productfind" time="5.510"/>
  <system-out/>
</testsuite> <!-- LoginModule.findproduct -->
