<?xml version="1.0" encoding="UTF-8"?>
<!-- Generated by org.testng.reporters.JUnitReportReporter -->
<testsuite hostname="Pinkeshkumars-Mac-mini.local" failures="0" tests="1" name="LoginModule.findproduct" time="5.469" errors="0" timestamp="2023-12-23T11:04:33 IST" skipped="0">
  <testcase classname="LoginModule.findproduct" name="productfind" time="5.469"/>
  <system-out/>
</testsuite> <!-- LoginModule.findproduct -->
